0 info it worked if it ends with ok
1 verbose cli [ '/Users/ahrachov/.nvm/versions/node/v5.9.0/bin/node',
1 verbose cli   '/Users/ahrachov/.nvm/versions/node/v5.9.0/bin/npm',
1 verbose cli   'start' ]
2 info using npm@2.15.3
3 info using node@v5.9.0
4 verbose stack Error: missing script: start
4 verbose stack     at run (/Users/ahrachov/.nvm/versions/node/v5.9.0/lib/node_modules/npm/lib/run-script.js:142:19)
4 verbose stack     at /Users/ahrachov/.nvm/versions/node/v5.9.0/lib/node_modules/npm/lib/run-script.js:58:5
4 verbose stack     at /Users/ahrachov/.nvm/versions/node/v5.9.0/lib/node_modules/npm/node_modules/read-package-json/read-json.js:345:5
4 verbose stack     at checkBinReferences_ (/Users/ahrachov/.nvm/versions/node/v5.9.0/lib/node_modules/npm/node_modules/read-package-json/read-json.js:309:45)
4 verbose stack     at final (/Users/ahrachov/.nvm/versions/node/v5.9.0/lib/node_modules/npm/node_modules/read-package-json/read-json.js:343:3)
4 verbose stack     at then (/Users/ahrachov/.nvm/versions/node/v5.9.0/lib/node_modules/npm/node_modules/read-package-json/read-json.js:113:5)
4 verbose stack     at /Users/ahrachov/.nvm/versions/node/v5.9.0/lib/node_modules/npm/node_modules/read-package-json/read-json.js:300:12
4 verbose stack     at /Users/ahrachov/.nvm/versions/node/v5.9.0/lib/node_modules/npm/node_modules/graceful-fs/graceful-fs.js:78:16
4 verbose stack     at tryToString (fs.js:414:3)
4 verbose stack     at FSReqWrap.readFileAfterClose [as oncomplete] (fs.js:401:12)
5 verbose cwd /Users/ahrachov/development/node-skeleton
6 error Darwin 15.3.0
7 error argv "/Users/ahrachov/.nvm/versions/node/v5.9.0/bin/node" "/Users/ahrachov/.nvm/versions/node/v5.9.0/bin/npm" "start"
8 error node v5.9.0
9 error npm  v2.15.3
10 error missing script: start
11 error If you need help, you may report this error at:
11 error     <https://github.com/npm/npm/issues>
12 verbose exit [ 1, true ]
